This is pdfTeX, Version 3.14159265-2.6-1.40.20 (MiKTeX 2.9.7250 64-bit) (preloaded format=pdflatex 2019.12.8)  20 JAN 2021 23:32
entering extended mode
**./preamble.tex
(preamble.tex
LaTeX2e <2019-10-01> patch level 3
\bibdata{KohmMorawski2012}
No file preamble.bbl.
)
! Emergency stop.
<*> ./preamble.tex
                  
*** (job aborted, no legal \end found)

 
Here is how much of TeX's memory you used:
 8 strings out of 492484
 148 string characters out of 3119787
 58725 words of memory out of 3000000
 4453 multiletter control sequences out of 15000+200000
 3640 words of font info for 14 fonts, out of 3000000 for 9000
 1141 hyphenation exceptions out of 8191
 10i,0n,6p,91b,10s stack positions out of 5000i,500n,10000p,200000b,50000s
!  ==> Fatal error occurred, no output PDF file produced!
